[18:30:34] [main/INFO] (FabricLoader/GameProvider) Loading Minecraft 1.20.1 with Fabric Loader 0.16.14
[18:30:34] [main/DEBUG] (FabricLoader/GamePatch) Found game constructor: net.minecraft.client.main.Main -> net.minecraft.client.Minecraft
[18:30:34] [main/DEBUG] (FabricLoader/GamePatch) Patching game constructor <init>(Lnet/minecraft/client/main/GameConfig;)V
[18:30:34] [main/DEBUG] (FabricLoader/GamePatch) Run directory field is thought to be net/minecraft/client/Minecraft/gameDirectory
[18:30:34] [main/DEBUG] (FabricLoader/GamePatch) Applying brand name hook to net/minecraft/client/ClientBrandRetriever::getClientModName
[18:30:34] [main/DEBUG] (FabricLoader/GamePatch) Applying brand name hook to net/minecraft/server/MinecraftServer::getServerModName
[18:30:34] [main/DEBUG] (FabricLoader/Mappings) Loading mappings took 179 ms
[18:30:34] [main/DEBUG] (FabricLoader/GamePatch) Patched 3 classs
[18:30:34] [main/DEBUG] (FabricLoader/Discovery) Skipping missing class path group entry C:\Users\dopik\Desktop\DominionCraft\out\production\DominionCraft.main
[18:30:34] [main/DEBUG] (FabricLoader/Discovery) Skipping missing class path group entry C:\Users\dopik\Desktop\DominionCraft\out\production\classes
[18:30:34] [main/DEBUG] (FabricLoader/Discovery) Skipping missing class path group entry C:\Users\dopik\Desktop\DominionCraft\out\production\resources
[18:30:34] [main/DEBUG] (FabricLoader/Discovery) Skipping missing class path group entry C:\Users\dopik\Desktop\DominionCraft\out\production\DominionCraft.client
[18:30:34] [main/DEBUG] (FabricLoader/Discovery) Skipping missing class path group entry C:\Users\dopik\Desktop\DominionCraft\out\client\classes
[18:30:34] [main/DEBUG] (FabricLoader/Discovery) Skipping missing class path group entry C:\Users\dopik\Desktop\DominionCraft\out\client\resources
[18:30:34] [main/DEBUG] (FabricLoader/Discovery) Mod discovery time: 31,5 ms
[18:30:34] [main/WARN] (FabricLoader/Resolution) Mod resolution failed
[18:30:34] [main/INFO] (FabricLoader/Resolution) Immediate reason: [HARD_DEP_NO_CANDIDATE pointblank 1.9.6 {depends geckolib @ [>=4.4.7]}, ROOT_FORCELOAD_SINGLE pointblank 1.9.6]
[18:30:34] [main/INFO] (FabricLoader/Resolution) Reason: [HARD_DEP pointblank 1.9.6 {depends geckolib @ [>=4.4.7]}]
[18:30:34] [main/INFO] (FabricLoader/Resolution) Fix: add [add:geckolib 4.4.7 ([[4.4.7,∞)])], remove [], replace []
[18:30:34] [main/ERROR] (FabricLoader) Incompatible mods found!
net.fabricmc.loader.impl.FormattedException: Some of your mods are incompatible with the game or each other!
A potential solution has been determined, this may resolve your problem:
	 - Install geckolib, version 4.4.7 or later.
More details:
	 - Mod 'Point Blank' (pointblank) 1.9.6 requires version 4.4.7 or later of geckolib, which is missing!
	at net.fabricmc.loader.impl.FormattedException.ofLocalized(FormattedException.java:51) ~[fabric-loader-0.16.14.jar:?]
	at net.fabricmc.loader.impl.FabricLoaderImpl.load(FabricLoaderImpl.java:196) ~[fabric-loader-0.16.14.jar:?]
	at net.fabricmc.loader.impl.launch.knot.Knot.init(Knot.java:146) ~[fabric-loader-0.16.14.jar:?]
	at net.fabricmc.loader.impl.launch.knot.Knot.launch(Knot.java:68) ~[fabric-loader-0.16.14.jar:?]
	at net.fabricmc.loader.impl.launch.knot.KnotClient.main(KnotClient.java:23) ~[fabric-loader-0.16.14.jar:?]
	at net.fabricmc.devlaunchinjector.Main.main(Main.java:86) ~[?:?]
